<?xml version="1.0" encoding="UTF-8"?>
<testsuite xmlns:xsi="http://www.w3.org/2001/XMLSchema-instance" xsi:noNamespaceSchemaLocation="https://maven.apache.org/surefire/maven-surefire-plugin/xsd/surefire-test-report-3.0.xsd" version="3.0" name="com.msaran.RunnerTest" time="4.069" tests="1" errors="0" skipped="0" failures="0">
  <properties>
[...]
</properties>
  <testcase name="Register a new pet successfully" classname="Pet Management" time="3.773">
    <system-out><![CDATA[
@register
Scenario: Register a new pet successfully                                      &amp#27;[90m# features/CT001.feature:7&amp#27;[0m
  &amp#27;[32mGiven &amp#27;[0m&amp#27;[32mque eu possuo os dados de um pet chamado &amp#27;[0m&amp#27;[32m&amp#27;[1m"Thor"&amp#27;[0m&amp#27;[32m com status &amp#27;[0m&amp#27;[32m&amp#27;[1m"available"&amp#27;[0m &amp#27;[90m# com.msaran.steps.Steps.que_eu_possuo_os_dados_de_um_pet(java.lang.String,java.lang.String)&amp#27;[0m
Retorno da API: {"id":123456,"category":{"id":1,"name":"Cachorros"},"name":"Thor","photoUrls":[],"tags":[],"status":"available"}
  &amp#27;[32mWhen &amp#27;[0m&amp#27;[32meu envio uma requisicao POST para o endpoint &amp#27;[0m&amp#27;[32m&amp#27;[1m"/pet"&amp#27;[0m                     &amp#27;[90m# com.msaran.steps.Steps.eu_envio_uma_requisicao_post(java.lang.String)&amp#27;[0m
  &amp#27;[32mThen &amp#27;[0m&amp#27;[32mo status code da resposta deve ser &amp#27;[0m&amp#27;[32m&amp#27;[1m200&amp#27;[0m                                  &amp#27;[90m# com.msaran.steps.Steps.o_status_code_da_resposta_deve_ser(java.lang.Integer)&amp#27;[0m
  &amp#27;[32mAnd &amp#27;[0m&amp#27;[32mo corpo da resposta deve conter o ID do pet criado&amp#27;[0m                       &amp#27;[90m# com.msaran.steps.Steps.o_corpo_da_resposta_deve_conter_o_id()&amp#27;[0m
  &amp#27;[32mAnd &amp#27;[0m&amp#27;[32mo corpo da resposta deve conter o nome &amp#27;[0m&amp#27;[32m&amp#27;[1m"Thor"&amp#27;[0m                            &amp#27;[90m# com.msaran.steps.Steps.o_corpo_da_resposta_deve_conter_o_nome(java.lang.String)&amp#27;[0m
]]></system-out>
  </testcase>
</testsuite>